<?xml version="1.0" encoding="UTF-8"?>
<testng-results skipped="13" failed="0" total="13" passed="0">
  <reporter-output>
  </reporter-output>
  <suite name="Test Suite" duration-ms="281" started-at="2017-07-28T12:59:00Z" finished-at="2017-07-28T12:59:00Z">
    <groups>
    </groups>
    <test name="ISOMetrixTestCase" duration-ms="281" started-at="2017-07-28T12:59:00Z" finished-at="2017-07-28T12:59:00Z">
      <class name="com.isometrix.testscript.LoginScript">
        <test-method status="FAIL" signature="setUp(java.lang.reflect.Method)[pri:0, instance:com.isometrix.testscript.LoginScript@6ee52dcd]" name="setUp" is-config="true" duration-ms="0" started-at="2017-07-28T18:29:00Z" finished-at="2017-07-28T18:29:00Z">
          <params>
            <param index="0">
              <value>
                <![CDATA[public void com.isometrix.testscript.LoginScript.testLoginWithBlank() throws java.lang.Exception]]>
              </value>
            </param>
          </params>
          <exception class="java.lang.IllegalStateException">
            <message>
              <![CDATA[The driver is not executable: /home/ubuntu/Downloads/Sunil/ISOMetrix/ISO-Metrix/src/test/resources/webdriver/chromedriver.exe]]>
            </message>
            <full-stacktrace>
              <![CDATA[java.lang.IllegalStateException: The driver is not executable: /home/ubuntu/Downloads/Sunil/ISOMetrix/ISO-Metrix/src/test/resources/webdriver/chromedriver.exe
	at com.google.common.base.Preconditions.checkState(Preconditions.java:199)
	at org.openqa.selenium.remote.service.DriverService.checkExecutable(DriverService.java:125)
	at org.openqa.selenium.remote.service.DriverService.findExecutable(DriverService.java:116)
	at org.openqa.selenium.chrome.ChromeDriverService.access$000(ChromeDriverService.java:32)
	at org.openqa.selenium.chrome.ChromeDriverService$Builder.findDefaultExecutable(ChromeDriverService.java:137)
	at org.openqa.selenium.remote.service.DriverService$Builder.build(DriverService.java:296)
	at org.openqa.selenium.chrome.ChromeDriverService.createDefaultService(ChromeDriverService.java:88)
	at org.openqa.selenium.chrome.ChromeDriver.<init>(ChromeDriver.java:116)
	at com.isometrix.selenium.framework.BaseTest.setUp(BaseTest.java:87)
	at sun.reflect.NativeMethodAccessorImpl.invoke0(Native Method)
	at sun.reflect.NativeMethodAccessorImpl.invoke(NativeMethodAccessorImpl.java:62)
	at sun.reflect.DelegatingMethodAccessorImpl.invoke(DelegatingMethodAccessorImpl.java:43)
	at java.lang.reflect.Method.invoke(Method.java:498)
	at org.testng.internal.MethodInvocationHelper.invokeMethod(MethodInvocationHelper.java:80)
	at org.testng.internal.Invoker.invokeConfigurationMethod(Invoker.java:564)
	at org.testng.internal.Invoker.invokeConfigurations(Invoker.java:213)
	at org.testng.internal.Invoker.invokeMethod(Invoker.java:653)
	at org.testng.internal.Invoker.invokeTestMethod(Invoker.java:901)
	at org.testng.internal.Invoker.invokeTestMethods(Invoker.java:1231)
	at org.testng.internal.TestMethodWorker.invokeTestMethods(TestMethodWorker.java:127)
	at org.testng.internal.TestMethodWorker.run(TestMethodWorker.java:111)
	at org.testng.TestRunner.privateRun(TestRunner.java:767)
	at org.testng.TestRunner.run(TestRunner.java:617)
	at org.testng.SuiteRunner.runTest(SuiteRunner.java:334)
	at org.testng.SuiteRunner.runSequentially(SuiteRunner.java:329)
	at org.testng.SuiteRunner.privateRun(SuiteRunner.java:291)
	at org.testng.SuiteRunner.run(SuiteRunner.java:240)
	at org.testng.SuiteRunnerWorker.runSuite(SuiteRunnerWorker.java:52)
	at org.testng.SuiteRunnerWorker.run(SuiteRunnerWorker.java:86)
	at org.testng.TestNG.runSuitesSequentially(TestNG.java:1198)
	at org.testng.TestNG.runSuitesLocally(TestNG.java:1123)
	at org.testng.TestNG.run(TestNG.java:1031)
	at org.testng.remote.AbstractRemoteTestNG.run(AbstractRemoteTestNG.java:132)
	at org.testng.remote.RemoteTestNG.initAndRun(RemoteTestNG.java:230)
	at org.testng.remote.RemoteTestNG.main(RemoteTestNG.java:76)
]]>
            </full-stacktrace>
          </exception> <!-- java.lang.IllegalStateException -->
          <reporter-output>
          </reporter-output>
        </test-method> <!-- setUp -->
        <test-method status="SKIP" signature="testLoginWithBlank()[pri:0, instance:com.isometrix.testscript.LoginScript@6ee52dcd]" name="testLoginWithBlank" duration-ms="2" started-at="2017-07-28T18:29:00Z" finished-at="2017-07-28T18:29:00Z">
          <reporter-output>
          </reporter-output>
        </test-method> <!-- testLoginWithBlank -->
        <test-method status="SKIP" signature="captureScreenShot(org.testng.ITestResult)[pri:0, instance:com.isometrix.testscript.LoginScript@6ee52dcd]" name="captureScreenShot" is-config="true" duration-ms="0" started-at="2017-07-28T18:29:00Z" finished-at="2017-07-28T18:29:00Z">
          <reporter-output>
          </reporter-output>
        </test-method> <!-- captureScreenShot -->
        <test-method status="SKIP" signature="setUp(java.lang.reflect.Method)[pri:0, instance:com.isometrix.testscript.LoginScript@6ee52dcd]" name="setUp" is-config="true" duration-ms="0" started-at="2017-07-28T18:29:00Z" finished-at="2017-07-28T18:29:00Z">
          <reporter-output>
          </reporter-output>
        </test-method> <!-- setUp -->
        <test-method status="SKIP" signature="testLoginWithInValidPassword()[pri:0, instance:com.isometrix.testscript.LoginScript@6ee52dcd]" name="testLoginWithInValidPassword" duration-ms="1" started-at="2017-07-28T18:29:00Z" finished-at="2017-07-28T18:29:00Z">
          <reporter-output>
          </reporter-output>
        </test-method> <!-- testLoginWithInValidPassword -->
        <test-method status="SKIP" signature="captureScreenShot(org.testng.ITestResult)[pri:0, instance:com.isometrix.testscript.LoginScript@6ee52dcd]" name="captureScreenShot" is-config="true" duration-ms="0" started-at="2017-07-28T18:29:00Z" finished-at="2017-07-28T18:29:00Z">
          <reporter-output>
          </reporter-output>
        </test-method> <!-- captureScreenShot -->
        <test-method status="SKIP" signature="setUp(java.lang.reflect.Method)[pri:0, instance:com.isometrix.testscript.LoginScript@6ee52dcd]" name="setUp" is-config="true" duration-ms="0" started-at="2017-07-28T18:29:00Z" finished-at="2017-07-28T18:29:00Z">
          <reporter-output>
          </reporter-output>
        </test-method> <!-- setUp -->
        <test-method status="SKIP" signature="testLoginWithInValidUserName()[pri:0, instance:com.isometrix.testscript.LoginScript@6ee52dcd]" name="testLoginWithInValidUserName" duration-ms="1" started-at="2017-07-28T18:29:00Z" finished-at="2017-07-28T18:29:00Z">
          <reporter-output>
          </reporter-output>
        </test-method> <!-- testLoginWithInValidUserName -->
        <test-method status="SKIP" signature="captureScreenShot(org.testng.ITestResult)[pri:0, instance:com.isometrix.testscript.LoginScript@6ee52dcd]" name="captureScreenShot" is-config="true" duration-ms="0" started-at="2017-07-28T18:29:00Z" finished-at="2017-07-28T18:29:00Z">
          <reporter-output>
          </reporter-output>
        </test-method> <!-- captureScreenShot -->
        <test-method status="SKIP" signature="setUp(java.lang.reflect.Method)[pri:0, instance:com.isometrix.testscript.LoginScript@6ee52dcd]" name="setUp" is-config="true" duration-ms="0" started-at="2017-07-28T18:29:00Z" finished-at="2017-07-28T18:29:00Z">
          <reporter-output>
          </reporter-output>
        </test-method> <!-- setUp -->
        <test-method status="SKIP" signature="testValidLogin()[pri:0, instance:com.isometrix.testscript.LoginScript@6ee52dcd]" name="testValidLogin" duration-ms="1" started-at="2017-07-28T18:29:00Z" finished-at="2017-07-28T18:29:00Z">
          <reporter-output>
          </reporter-output>
        </test-method> <!-- testValidLogin -->
        <test-method status="SKIP" signature="captureScreenShot(org.testng.ITestResult)[pri:0, instance:com.isometrix.testscript.LoginScript@6ee52dcd]" name="captureScreenShot" is-config="true" duration-ms="0" started-at="2017-07-28T18:29:00Z" finished-at="2017-07-28T18:29:00Z">
          <reporter-output>
          </reporter-output>
        </test-method> <!-- captureScreenShot -->
        <test-method status="SKIP" signature="afterMainMethod()[pri:0, instance:com.isometrix.testscript.LoginScript@6ee52dcd]" name="afterMainMethod" is-config="true" duration-ms="0" started-at="2017-07-28T18:29:00Z" finished-at="2017-07-28T18:29:00Z">
          <reporter-output>
          </reporter-output>
        </test-method> <!-- afterMainMethod -->
      </class> <!-- com.isometrix.testscript.LoginScript -->
      <class name="com.isometrix.testscript.ControlsTabScript">
        <test-method status="PASS" signature="before()[pri:0, instance:com.isometrix.testscript.ControlsTabScript@396f6598]" name="before" is-config="true" duration-ms="544" started-at="2017-07-28T18:28:59Z" finished-at="2017-07-28T18:29:00Z">
          <reporter-output>
          </reporter-output>
        </test-method> <!-- before -->
        <test-method status="SKIP" signature="setUp(java.lang.reflect.Method)[pri:0, instance:com.isometrix.testscript.ControlsTabScript@396f6598]" name="setUp" is-config="true" duration-ms="0" started-at="2017-07-28T18:29:00Z" finished-at="2017-07-28T18:29:00Z">
          <reporter-output>
          </reporter-output>
        </test-method> <!-- setUp -->
        <test-method status="SKIP" signature="testRedirectToUserDefinedTab()[pri:0, instance:com.isometrix.testscript.ControlsTabScript@396f6598]" name="testRedirectToUserDefinedTab" duration-ms="2" started-at="2017-07-28T18:29:00Z" finished-at="2017-07-28T18:29:00Z">
          <reporter-output>
          </reporter-output>
        </test-method> <!-- testRedirectToUserDefinedTab -->
        <test-method status="SKIP" signature="captureScreenShot(org.testng.ITestResult)[pri:0, instance:com.isometrix.testscript.ControlsTabScript@396f6598]" name="captureScreenShot" is-config="true" duration-ms="0" started-at="2017-07-28T18:29:00Z" finished-at="2017-07-28T18:29:00Z">
          <reporter-output>
          </reporter-output>
        </test-method> <!-- captureScreenShot -->
        <test-method status="SKIP" signature="setUp(java.lang.reflect.Method)[pri:0, instance:com.isometrix.testscript.ControlsTabScript@396f6598]" name="setUp" is-config="true" duration-ms="0" started-at="2017-07-28T18:29:00Z" finished-at="2017-07-28T18:29:00Z">
          <reporter-output>
          </reporter-output>
        </test-method> <!-- setUp -->
        <test-method status="SKIP" signature="testVerifyAllMandatoryFields()[pri:0, instance:com.isometrix.testscript.ControlsTabScript@396f6598]" name="testVerifyAllMandatoryFields" duration-ms="1" started-at="2017-07-28T18:29:00Z" finished-at="2017-07-28T18:29:00Z">
          <reporter-output>
          </reporter-output>
        </test-method> <!-- testVerifyAllMandatoryFields -->
        <test-method status="SKIP" signature="captureScreenShot(org.testng.ITestResult)[pri:0, instance:com.isometrix.testscript.ControlsTabScript@396f6598]" name="captureScreenShot" is-config="true" duration-ms="0" started-at="2017-07-28T18:29:00Z" finished-at="2017-07-28T18:29:00Z">
          <reporter-output>
          </reporter-output>
        </test-method> <!-- captureScreenShot -->
        <test-method status="SKIP" signature="afterMainMethod()[pri:0, instance:com.isometrix.testscript.ControlsTabScript@396f6598]" name="afterMainMethod" is-config="true" duration-ms="0" started-at="2017-07-28T18:29:00Z" finished-at="2017-07-28T18:29:00Z">
          <reporter-output>
          </reporter-output>
        </test-method> <!-- afterMainMethod -->
        <test-method status="SKIP" signature="tearDownSuite()[pri:0, instance:com.isometrix.testscript.ControlsTabScript@396f6598]" name="tearDownSuite" is-config="true" duration-ms="0" started-at="2017-07-28T18:29:00Z" finished-at="2017-07-28T18:29:00Z">
          <reporter-output>
          </reporter-output>
        </test-method> <!-- tearDownSuite -->
      </class> <!-- com.isometrix.testscript.ControlsTabScript -->
      <class name="com.isometrix.testscript.MDSTabScript">
        <test-method status="SKIP" signature="setUp(java.lang.reflect.Method)[pri:0, instance:com.isometrix.testscript.MDSTabScript@1f57539]" name="setUp" is-config="true" duration-ms="0" started-at="2017-07-28T18:29:00Z" finished-at="2017-07-28T18:29:00Z">
          <reporter-output>
          </reporter-output>
        </test-method> <!-- setUp -->
        <test-method status="SKIP" signature="testVerifySubmitSuccessfullyAfterFillingMDSTabFields()[pri:0, instance:com.isometrix.testscript.MDSTabScript@1f57539]" name="testVerifySubmitSuccessfullyAfterFillingMDSTabFields" duration-ms="1" started-at="2017-07-28T18:29:00Z" finished-at="2017-07-28T18:29:00Z">
          <reporter-output>
          </reporter-output>
        </test-method> <!-- testVerifySubmitSuccessfullyAfterFillingMDSTabFields -->
        <test-method status="SKIP" signature="captureScreenShot(org.testng.ITestResult)[pri:0, instance:com.isometrix.testscript.MDSTabScript@1f57539]" name="captureScreenShot" is-config="true" duration-ms="0" started-at="2017-07-28T18:29:00Z" finished-at="2017-07-28T18:29:00Z">
          <reporter-output>
          </reporter-output>
        </test-method> <!-- captureScreenShot -->
        <test-method status="SKIP" signature="afterMainMethod()[pri:0, instance:com.isometrix.testscript.MDSTabScript@1f57539]" name="afterMainMethod" is-config="true" duration-ms="0" started-at="2017-07-28T18:29:00Z" finished-at="2017-07-28T18:29:00Z">
          <reporter-output>
          </reporter-output>
        </test-method> <!-- afterMainMethod -->
      </class> <!-- com.isometrix.testscript.MDSTabScript -->
      <class name="com.isometrix.testscript.UserDefinedTabScript">
        <test-method status="SKIP" signature="setUp(java.lang.reflect.Method)[pri:0, instance:com.isometrix.testscript.UserDefinedTabScript@2781e022]" name="setUp" is-config="true" duration-ms="0" started-at="2017-07-28T18:29:00Z" finished-at="2017-07-28T18:29:00Z">
          <reporter-output>
          </reporter-output>
        </test-method> <!-- setUp -->
        <test-method status="SKIP" signature="testFillAllFieldsControlsTabAndUserDefinedTab()[pri:0, instance:com.isometrix.testscript.UserDefinedTabScript@2781e022]" name="testFillAllFieldsControlsTabAndUserDefinedTab" duration-ms="1" started-at="2017-07-28T18:29:00Z" finished-at="2017-07-28T18:29:00Z">
          <reporter-output>
          </reporter-output>
        </test-method> <!-- testFillAllFieldsControlsTabAndUserDefinedTab -->
        <test-method status="SKIP" signature="captureScreenShot(org.testng.ITestResult)[pri:0, instance:com.isometrix.testscript.UserDefinedTabScript@2781e022]" name="captureScreenShot" is-config="true" duration-ms="0" started-at="2017-07-28T18:29:00Z" finished-at="2017-07-28T18:29:00Z">
          <reporter-output>
          </reporter-output>
        </test-method> <!-- captureScreenShot -->
        <test-method status="SKIP" signature="afterMainMethod()[pri:0, instance:com.isometrix.testscript.UserDefinedTabScript@2781e022]" name="afterMainMethod" is-config="true" duration-ms="0" started-at="2017-07-28T18:29:00Z" finished-at="2017-07-28T18:29:00Z">
          <reporter-output>
          </reporter-output>
        </test-method> <!-- afterMainMethod -->
      </class> <!-- com.isometrix.testscript.UserDefinedTabScript -->
      <class name="com.isometrix.testscript.MHDSTabScript">
        <test-method status="SKIP" signature="setUp(java.lang.reflect.Method)[pri:0, instance:com.isometrix.testscript.MHDSTabScript@704a52ec]" name="setUp" is-config="true" duration-ms="0" started-at="2017-07-28T18:29:00Z" finished-at="2017-07-28T18:29:00Z">
          <reporter-output>
          </reporter-output>
        </test-method> <!-- setUp -->
        <test-method status="SKIP" signature="testVerifySubmitSuccessfullyAfterFillingMHDSTabFields()[pri:0, instance:com.isometrix.testscript.MHDSTabScript@704a52ec]" name="testVerifySubmitSuccessfullyAfterFillingMHDSTabFields" duration-ms="1" started-at="2017-07-28T18:29:00Z" finished-at="2017-07-28T18:29:00Z">
          <reporter-output>
          </reporter-output>
        </test-method> <!-- testVerifySubmitSuccessfullyAfterFillingMHDSTabFields -->
        <test-method status="SKIP" signature="captureScreenShot(org.testng.ITestResult)[pri:0, instance:com.isometrix.testscript.MHDSTabScript@704a52ec]" name="captureScreenShot" is-config="true" duration-ms="0" started-at="2017-07-28T18:29:00Z" finished-at="2017-07-28T18:29:00Z">
          <reporter-output>
          </reporter-output>
        </test-method> <!-- captureScreenShot -->
        <test-method status="SKIP" signature="setUp(java.lang.reflect.Method)[pri:0, instance:com.isometrix.testscript.MHDSTabScript@704a52ec]" name="setUp" is-config="true" duration-ms="0" started-at="2017-07-28T18:29:00Z" finished-at="2017-07-28T18:29:00Z">
          <reporter-output>
          </reporter-output>
        </test-method> <!-- setUp -->
        <test-method status="SKIP" signature="testVerifySubmitSuccessfullyWithoutFillingMHDSTabFields()[pri:0, instance:com.isometrix.testscript.MHDSTabScript@704a52ec]" name="testVerifySubmitSuccessfullyWithoutFillingMHDSTabFields" duration-ms="1" started-at="2017-07-28T18:29:00Z" finished-at="2017-07-28T18:29:00Z">
          <reporter-output>
          </reporter-output>
        </test-method> <!-- testVerifySubmitSuccessfullyWithoutFillingMHDSTabFields -->
        <test-method status="SKIP" signature="captureScreenShot(org.testng.ITestResult)[pri:0, instance:com.isometrix.testscript.MHDSTabScript@704a52ec]" name="captureScreenShot" is-config="true" duration-ms="0" started-at="2017-07-28T18:29:00Z" finished-at="2017-07-28T18:29:00Z">
          <reporter-output>
          </reporter-output>
        </test-method> <!-- captureScreenShot -->
        <test-method status="SKIP" signature="afterMainMethod()[pri:0, instance:com.isometrix.testscript.MHDSTabScript@704a52ec]" name="afterMainMethod" is-config="true" duration-ms="0" started-at="2017-07-28T18:29:00Z" finished-at="2017-07-28T18:29:00Z">
          <reporter-output>
          </reporter-output>
        </test-method> <!-- afterMainMethod -->
      </class> <!-- com.isometrix.testscript.MHDSTabScript -->
      <class name="com.isometrix.testscript.AllControlScript">
        <test-method status="SKIP" signature="setUp(java.lang.reflect.Method)[pri:0, instance:com.isometrix.testscript.AllControlScript@4493d195]" name="setUp" is-config="true" duration-ms="0" started-at="2017-07-28T18:29:00Z" finished-at="2017-07-28T18:29:00Z">
          <reporter-output>
          </reporter-output>
        </test-method> <!-- setUp -->
        <test-method status="SKIP" signature="testAbleToClickAddButton()[pri:0, instance:com.isometrix.testscript.AllControlScript@4493d195]" name="testAbleToClickAddButton" duration-ms="2" started-at="2017-07-28T18:29:00Z" finished-at="2017-07-28T18:29:00Z">
          <reporter-output>
          </reporter-output>
        </test-method> <!-- testAbleToClickAddButton -->
        <test-method status="SKIP" signature="captureScreenShot(org.testng.ITestResult)[pri:0, instance:com.isometrix.testscript.AllControlScript@4493d195]" name="captureScreenShot" is-config="true" duration-ms="0" started-at="2017-07-28T18:29:00Z" finished-at="2017-07-28T18:29:00Z">
          <reporter-output>
          </reporter-output>
        </test-method> <!-- captureScreenShot -->
        <test-method status="SKIP" signature="setUp(java.lang.reflect.Method)[pri:0, instance:com.isometrix.testscript.AllControlScript@4493d195]" name="setUp" is-config="true" duration-ms="0" started-at="2017-07-28T18:29:00Z" finished-at="2017-07-28T18:29:00Z">
          <reporter-output>
          </reporter-output>
        </test-method> <!-- setUp -->
        <test-method status="SKIP" signature="testRedirectAllControlScreen()[pri:0, instance:com.isometrix.testscript.AllControlScript@4493d195]" name="testRedirectAllControlScreen" duration-ms="1" started-at="2017-07-28T18:29:00Z" finished-at="2017-07-28T18:29:00Z">
          <reporter-output>
          </reporter-output>
        </test-method> <!-- testRedirectAllControlScreen -->
        <test-method status="SKIP" signature="captureScreenShot(org.testng.ITestResult)[pri:0, instance:com.isometrix.testscript.AllControlScript@4493d195]" name="captureScreenShot" is-config="true" duration-ms="0" started-at="2017-07-28T18:29:00Z" finished-at="2017-07-28T18:29:00Z">
          <reporter-output>
          </reporter-output>
        </test-method> <!-- captureScreenShot -->
        <test-method status="SKIP" signature="setUp(java.lang.reflect.Method)[pri:0, instance:com.isometrix.testscript.AllControlScript@4493d195]" name="setUp" is-config="true" duration-ms="0" started-at="2017-07-28T18:29:00Z" finished-at="2017-07-28T18:29:00Z">
          <reporter-output>
          </reporter-output>
        </test-method> <!-- setUp -->
        <test-method status="SKIP" signature="testRedirectedToAddPhaseScreen()[pri:0, instance:com.isometrix.testscript.AllControlScript@4493d195]" name="testRedirectedToAddPhaseScreen" duration-ms="1" started-at="2017-07-28T18:29:00Z" finished-at="2017-07-28T18:29:00Z">
          <reporter-output>
          </reporter-output>
        </test-method> <!-- testRedirectedToAddPhaseScreen -->
        <test-method status="SKIP" signature="captureScreenShot(org.testng.ITestResult)[pri:0, instance:com.isometrix.testscript.AllControlScript@4493d195]" name="captureScreenShot" is-config="true" duration-ms="0" started-at="2017-07-28T18:29:00Z" finished-at="2017-07-28T18:29:00Z">
          <reporter-output>
          </reporter-output>
        </test-method> <!-- captureScreenShot -->
        <test-method status="SKIP" signature="afterMainMethod()[pri:0, instance:com.isometrix.testscript.AllControlScript@4493d195]" name="afterMainMethod" is-config="true" duration-ms="0" started-at="2017-07-28T18:29:00Z" finished-at="2017-07-28T18:29:00Z">
          <reporter-output>
          </reporter-output>
        </test-method> <!-- afterMainMethod -->
      </class> <!-- com.isometrix.testscript.AllControlScript -->
    </test> <!-- ISOMetrixTestCase -->
  </suite> <!-- Test Suite -->
</testng-results>
