<?xml version="1.0" encoding="UTF-8"?>
<testng-results skipped="0" failed="0" total="1" passed="1">
  <reporter-output>
  </reporter-output>
  <suite name="Suite" duration-ms="123001" started-at="2017-08-14T08:55:42Z" finished-at="2017-08-14T08:57:45Z">
    <groups>
    </groups>
    <test name="Test" duration-ms="123001" started-at="2017-08-14T08:55:42Z" finished-at="2017-08-14T08:57:45Z">
      <class name="com.example.NewExample">
        <test-method status="PASS" signature="beforeTest()[pri:0, instance:com.example.NewExample@523884b2]" name="beforeTest" is-config="true" duration-ms="6003" started-at="2017-08-14T14:25:42Z" finished-at="2017-08-14T14:25:48Z">
          <reporter-output>
          </reporter-output>
        </test-method> <!-- beforeTest -->
        <test-method status="PASS" signature="f()[pri:0, instance:com.example.NewExample@523884b2]" name="f" duration-ms="116732" started-at="2017-08-14T14:25:48Z" finished-at="2017-08-14T14:27:44Z">
          <reporter-output>
          </reporter-output>
        </test-method> <!-- f -->
        <test-method status="PASS" signature="afterTest()[pri:0, instance:com.example.NewExample@523884b2]" name="afterTest" is-config="true" duration-ms="249" started-at="2017-08-14T14:27:44Z" finished-at="2017-08-14T14:27:45Z">
          <reporter-output>
          </reporter-output>
        </test-method> <!-- afterTest -->
      </class> <!-- com.example.NewExample -->
    </test> <!-- Test -->
  </suite> <!-- Suite -->
</testng-results>
