<?xml version="1.0" encoding="UTF-8"?>
<!-- Generated by org.testng.reporters.JUnitXMLReporter -->
<testsuite hostname="ubuntu-HP-250-G3-Notebook-PC" name="ISOMetrixTestCase" tests="13" failures="0" timestamp="28 Jul 2017 12:59:00 GMT" time="0.281" errors="0">
  <testcase name="@BeforeMethod setUp" time="0.0" classname="com.isometrix.testscript.LoginScript">
    <failure type="java.lang.IllegalStateException" message="The driver is not executable: /home/ubuntu/Downloads/Sunil/ISOMetrix/ISO-Metrix/src/test/resources/webdriver/chromedriver.exe">
      <![CDATA[java.lang.IllegalStateException: The driver is not executable: /home/ubuntu/Downloads/Sunil/ISOMetrix/ISO-Metrix/src/test/resources/webdriver/chromedriver.exe
	at com.google.common.base.Preconditions.checkState(Preconditions.java:199)
	at org.openqa.selenium.remote.service.DriverService.checkExecutable(DriverService.java:125)
	at org.openqa.selenium.remote.service.DriverService.findExecutable(DriverService.java:116)
	at org.openqa.selenium.chrome.ChromeDriverService.access$000(ChromeDriverService.java:32)
	at org.openqa.selenium.chrome.ChromeDriverService$Builder.findDefaultExecutable(ChromeDriverService.java:137)
	at org.openqa.selenium.remote.service.DriverService$Builder.build(DriverService.java:296)
	at org.openqa.selenium.chrome.ChromeDriverService.createDefaultService(ChromeDriverService.java:88)
	at org.openqa.selenium.chrome.ChromeDriver.<init>(ChromeDriver.java:116)
	at com.isometrix.selenium.framework.BaseTest.setUp(BaseTest.java:87)
	at sun.reflect.NativeMethodAccessorImpl.invoke0(Native Method)
	at sun.reflect.NativeMethodAccessorImpl.invoke(NativeMethodAccessorImpl.java:62)
	at sun.reflect.DelegatingMethodAccessorImpl.invoke(DelegatingMethodAccessorImpl.java:43)
	at java.lang.reflect.Method.invoke(Method.java:498)
	at org.testng.internal.MethodInvocationHelper.invokeMethod(MethodInvocationHelper.java:80)
	at org.testng.internal.Invoker.invokeConfigurationMethod(Invoker.java:564)
	at org.testng.internal.Invoker.invokeConfigurations(Invoker.java:213)
	at org.testng.internal.Invoker.invokeMethod(Invoker.java:653)
	at org.testng.internal.Invoker.invokeTestMethod(Invoker.java:901)
	at org.testng.internal.Invoker.invokeTestMethods(Invoker.java:1231)
	at org.testng.internal.TestMethodWorker.invokeTestMethods(TestMethodWorker.java:127)
	at org.testng.internal.TestMethodWorker.run(TestMethodWorker.java:111)
	at org.testng.TestRunner.privateRun(TestRunner.java:767)
	at org.testng.TestRunner.run(TestRunner.java:617)
	at org.testng.SuiteRunner.runTest(SuiteRunner.java:334)
	at org.testng.SuiteRunner.runSequentially(SuiteRunner.java:329)
	at org.testng.SuiteRunner.privateRun(SuiteRunner.java:291)
	at org.testng.SuiteRunner.run(SuiteRunner.java:240)
	at org.testng.SuiteRunnerWorker.runSuite(SuiteRunnerWorker.java:52)
	at org.testng.SuiteRunnerWorker.run(SuiteRunnerWorker.java:86)
	at org.testng.TestNG.runSuitesSequentially(TestNG.java:1198)
	at org.testng.TestNG.runSuitesLocally(TestNG.java:1123)
	at org.testng.TestNG.run(TestNG.java:1031)
	at org.testng.remote.AbstractRemoteTestNG.run(AbstractRemoteTestNG.java:132)
	at org.testng.remote.RemoteTestNG.initAndRun(RemoteTestNG.java:230)
	at org.testng.remote.RemoteTestNG.main(RemoteTestNG.java:76)
]]>
    </failure>
  </testcase> <!-- @BeforeMethod setUp -->
  <testcase name="@AfterMethod captureScreenShot" time="0.0" classname="com.isometrix.testscript.LoginScript">
    <skipped/>
  </testcase> <!-- @AfterMethod captureScreenShot -->
  <testcase name="@BeforeMethod setUp" time="0.0" classname="com.isometrix.testscript.LoginScript">
    <skipped/>
  </testcase> <!-- @BeforeMethod setUp -->
  <testcase name="@AfterMethod captureScreenShot" time="0.0" classname="com.isometrix.testscript.LoginScript">
    <skipped/>
  </testcase> <!-- @AfterMethod captureScreenShot -->
  <testcase name="@BeforeMethod setUp" time="0.0" classname="com.isometrix.testscript.LoginScript">
    <skipped/>
  </testcase> <!-- @BeforeMethod setUp -->
  <testcase name="@AfterMethod captureScreenShot" time="0.0" classname="com.isometrix.testscript.LoginScript">
    <skipped/>
  </testcase> <!-- @AfterMethod captureScreenShot -->
  <testcase name="@BeforeMethod setUp" time="0.0" classname="com.isometrix.testscript.LoginScript">
    <skipped/>
  </testcase> <!-- @BeforeMethod setUp -->
  <testcase name="@AfterMethod captureScreenShot" time="0.0" classname="com.isometrix.testscript.LoginScript">
    <skipped/>
  </testcase> <!-- @AfterMethod captureScreenShot -->
  <testcase name="@AfterClass afterMainMethod" time="0.0" classname="com.isometrix.testscript.LoginScript">
    <skipped/>
  </testcase> <!-- @AfterClass afterMainMethod -->
  <testcase name="@BeforeMethod setUp" time="0.0" classname="com.isometrix.testscript.AllControlScript">
    <skipped/>
  </testcase> <!-- @BeforeMethod setUp -->
  <testcase name="@AfterMethod captureScreenShot" time="0.0" classname="com.isometrix.testscript.AllControlScript">
    <skipped/>
  </testcase> <!-- @AfterMethod captureScreenShot -->
  <testcase name="@BeforeMethod setUp" time="0.0" classname="com.isometrix.testscript.AllControlScript">
    <skipped/>
  </testcase> <!-- @BeforeMethod setUp -->
  <testcase name="@AfterMethod captureScreenShot" time="0.0" classname="com.isometrix.testscript.AllControlScript">
    <skipped/>
  </testcase> <!-- @AfterMethod captureScreenShot -->
  <testcase name="@BeforeMethod setUp" time="0.0" classname="com.isometrix.testscript.AllControlScript">
    <skipped/>
  </testcase> <!-- @BeforeMethod setUp -->
  <testcase name="@AfterMethod captureScreenShot" time="0.0" classname="com.isometrix.testscript.AllControlScript">
    <skipped/>
  </testcase> <!-- @AfterMethod captureScreenShot -->
  <testcase name="@AfterClass afterMainMethod" time="0.0" classname="com.isometrix.testscript.AllControlScript">
    <skipped/>
  </testcase> <!-- @AfterClass afterMainMethod -->
  <testcase name="@BeforeMethod setUp" time="0.0" classname="com.isometrix.testscript.ControlsTabScript">
    <skipped/>
  </testcase> <!-- @BeforeMethod setUp -->
  <testcase name="@AfterMethod captureScreenShot" time="0.0" classname="com.isometrix.testscript.ControlsTabScript">
    <skipped/>
  </testcase> <!-- @AfterMethod captureScreenShot -->
  <testcase name="@BeforeMethod setUp" time="0.0" classname="com.isometrix.testscript.ControlsTabScript">
    <skipped/>
  </testcase> <!-- @BeforeMethod setUp -->
  <testcase name="@AfterMethod captureScreenShot" time="0.0" classname="com.isometrix.testscript.ControlsTabScript">
    <skipped/>
  </testcase> <!-- @AfterMethod captureScreenShot -->
  <testcase name="@AfterClass afterMainMethod" time="0.0" classname="com.isometrix.testscript.ControlsTabScript">
    <skipped/>
  </testcase> <!-- @AfterClass afterMainMethod -->
  <testcase name="@BeforeMethod setUp" time="0.0" classname="com.isometrix.testscript.UserDefinedTabScript">
    <skipped/>
  </testcase> <!-- @BeforeMethod setUp -->
  <testcase name="@AfterMethod captureScreenShot" time="0.0" classname="com.isometrix.testscript.UserDefinedTabScript">
    <skipped/>
  </testcase> <!-- @AfterMethod captureScreenShot -->
  <testcase name="@AfterClass afterMainMethod" time="0.0" classname="com.isometrix.testscript.UserDefinedTabScript">
    <skipped/>
  </testcase> <!-- @AfterClass afterMainMethod -->
  <testcase name="@BeforeMethod setUp" time="0.0" classname="com.isometrix.testscript.MDSTabScript">
    <skipped/>
  </testcase> <!-- @BeforeMethod setUp -->
  <testcase name="@AfterMethod captureScreenShot" time="0.0" classname="com.isometrix.testscript.MDSTabScript">
    <skipped/>
  </testcase> <!-- @AfterMethod captureScreenShot -->
  <testcase name="@AfterClass afterMainMethod" time="0.0" classname="com.isometrix.testscript.MDSTabScript">
    <skipped/>
  </testcase> <!-- @AfterClass afterMainMethod -->
  <testcase name="@BeforeMethod setUp" time="0.0" classname="com.isometrix.testscript.MHDSTabScript">
    <skipped/>
  </testcase> <!-- @BeforeMethod setUp -->
  <testcase name="@AfterMethod captureScreenShot" time="0.0" classname="com.isometrix.testscript.MHDSTabScript">
    <skipped/>
  </testcase> <!-- @AfterMethod captureScreenShot -->
  <testcase name="@BeforeMethod setUp" time="0.0" classname="com.isometrix.testscript.MHDSTabScript">
    <skipped/>
  </testcase> <!-- @BeforeMethod setUp -->
  <testcase name="@AfterMethod captureScreenShot" time="0.0" classname="com.isometrix.testscript.MHDSTabScript">
    <skipped/>
  </testcase> <!-- @AfterMethod captureScreenShot -->
  <testcase name="@AfterClass afterMainMethod" time="0.0" classname="com.isometrix.testscript.MHDSTabScript">
    <skipped/>
  </testcase> <!-- @AfterClass afterMainMethod -->
  <testcase name="testLoginWithBlank" time="0.002" classname="com.isometrix.testscript.LoginScript">
    <skipped/>
  </testcase> <!-- testLoginWithBlank -->
  <testcase name="testLoginWithInValidPassword" time="0.001" classname="com.isometrix.testscript.LoginScript">
    <skipped/>
  </testcase> <!-- testLoginWithInValidPassword -->
  <testcase name="testLoginWithInValidUserName" time="0.001" classname="com.isometrix.testscript.LoginScript">
    <skipped/>
  </testcase> <!-- testLoginWithInValidUserName -->
  <testcase name="testValidLogin" time="0.001" classname="com.isometrix.testscript.LoginScript">
    <skipped/>
  </testcase> <!-- testValidLogin -->
  <testcase name="testAbleToClickAddButton" time="0.002" classname="com.isometrix.testscript.AllControlScript">
    <skipped/>
  </testcase> <!-- testAbleToClickAddButton -->
  <testcase name="testRedirectAllControlScreen" time="0.001" classname="com.isometrix.testscript.AllControlScript">
    <skipped/>
  </testcase> <!-- testRedirectAllControlScreen -->
  <testcase name="testRedirectedToAddPhaseScreen" time="0.001" classname="com.isometrix.testscript.AllControlScript">
    <skipped/>
  </testcase> <!-- testRedirectedToAddPhaseScreen -->
  <testcase name="testRedirectToUserDefinedTab" time="0.002" classname="com.isometrix.testscript.ControlsTabScript">
    <skipped/>
  </testcase> <!-- testRedirectToUserDefinedTab -->
  <testcase name="testVerifyAllMandatoryFields" time="0.001" classname="com.isometrix.testscript.ControlsTabScript">
    <skipped/>
  </testcase> <!-- testVerifyAllMandatoryFields -->
  <testcase name="testFillAllFieldsControlsTabAndUserDefinedTab" time="0.001" classname="com.isometrix.testscript.UserDefinedTabScript">
    <skipped/>
  </testcase> <!-- testFillAllFieldsControlsTabAndUserDefinedTab -->
  <testcase name="testVerifySubmitSuccessfullyAfterFillingMDSTabFields" time="0.001" classname="com.isometrix.testscript.MDSTabScript">
    <skipped/>
  </testcase> <!-- testVerifySubmitSuccessfullyAfterFillingMDSTabFields -->
  <testcase name="testVerifySubmitSuccessfullyAfterFillingMHDSTabFields" time="0.001" classname="com.isometrix.testscript.MHDSTabScript">
    <skipped/>
  </testcase> <!-- testVerifySubmitSuccessfullyAfterFillingMHDSTabFields -->
  <testcase name="testVerifySubmitSuccessfullyWithoutFillingMHDSTabFields" time="0.001" classname="com.isometrix.testscript.MHDSTabScript">
    <skipped/>
  </testcase> <!-- testVerifySubmitSuccessfullyWithoutFillingMHDSTabFields -->
</testsuite> <!-- ISOMetrixTestCase -->
