<?xml version="1.0" encoding="UTF-8"?>
<testng-results skipped="0" failed="0" total="1" passed="1">
  <reporter-output>
  </reporter-output>
  <suite name="Default suite" duration-ms="13990" started-at="2017-08-10T07:06:51Z" finished-at="2017-08-10T07:07:05Z">
    <groups>
    </groups>
    <test name="Default test" duration-ms="13990" started-at="2017-08-10T07:06:51Z" finished-at="2017-08-10T07:07:05Z">
      <class name="BrowserOpen">
        <test-method status="PASS" signature="openBrowser()[pri:0, instance:BrowserOpen@3dd3bcd]" name="openBrowser" duration-ms="13964" started-at="2017-08-10T12:36:51Z" finished-at="2017-08-10T12:37:05Z">
          <reporter-output>
          </reporter-output>
        </test-method> <!-- openBrowser -->
      </class> <!-- BrowserOpen -->
    </test> <!-- Default test -->
  </suite> <!-- Default suite -->
</testng-results>
